<?xml version="1.0" encoding="utf-8"?><testsuites name="pytest tests"><testsuite name="pytest" errors="0" failures="0" skipped="0" tests="22" time="1.733" timestamp="2026-01-03T02:41:25.289696+00:00" hostname="agent-env-19382bd9-0db1-42a2-81bb-264057de69f6"><testcase classname="tests.test_compatibility.TestCompatibilityMatrix" name="test_get_matrix_returns_200" time="0.101" /><testcase classname="tests.test_compatibility.TestCompatibilityMatrix" name="test_matrix_has_4_archetypes" time="0.039" /><testcase classname="tests.test_compatibility.TestCompatibilityMatrix" name="test_matrix_has_4_rows" time="0.041" /><testcase classname="tests.test_compatibility.TestCompatibilityMatrix" name="test_matrix_has_16_combinations" time="0.041" /><testcase classname="tests.test_compatibility.TestCompatibilityMatrix" name="test_matrix_cell_has_score_and_energy" time="0.037" /><testcase classname="tests.test_compatibility.TestCompatibilityPair" name="test_pair_driver_spark_returns_200" time="0.041" /><testcase classname="tests.test_compatibility.TestCompatibilityPair" name="test_pair_has_required_fields" time="0.041" /><testcase classname="tests.test_compatibility.TestCompatibilityPair" name="test_pair_strengths_is_list" time="0.034" /><testcase classname="tests.test_compatibility.TestCompatibilityPair" name="test_pair_challenges_is_list" time="0.034" /><testcase classname="tests.test_compatibility.TestCompatibilityPair" name="test_pair_tips_is_list" time="0.036" /><testcase classname="tests.test_compatibility.TestCompatibilityPair" name="test_pair_language_id" time="0.038" /><testcase classname="tests.test_compatibility.TestCompatibilityPair" name="test_pair_language_en" time="0.040" /><testcase classname="tests.test_compatibility.TestCompatibilityPair" name="test_pair_reversed_order_works" time="0.080" /><testcase classname="tests.test_compatibility.TestCompatibilityPair" name="test_pair_invalid_archetype_returns_404" time="0.038" /><testcase classname="tests.test_compatibility.TestCompatibilityPair" name="test_all_16_pairs_exist" time="0.623" /><testcase classname="tests.test_compatibility.TestCompatibilityForArchetype" name="test_for_driver_returns_200" time="0.036" /><testcase classname="tests.test_compatibility.TestCompatibilityForArchetype" name="test_for_archetype_returns_4_compatibilities" time="0.034" /><testcase classname="tests.test_compatibility.TestCompatibilityForArchetype" name="test_for_archetype_sorted_by_score" time="0.041" /><testcase classname="tests.test_compatibility.TestCompatibilityForArchetype" name="test_for_invalid_archetype_returns_400" time="0.037" /><testcase classname="tests.test_compatibility.TestCompatibilityScoreRanges" name="test_all_scores_in_valid_range" time="0.033" /><testcase classname="tests.test_compatibility.TestCompatibilityScoreRanges" name="test_same_archetype_pairs_exist" time="0.182" /><testcase classname="tests.test_compatibility.TestCompatibilityScoreRanges" name="test_energy_levels_are_valid" time="0.036" /></testsuite></testsuites>