<?xml version="1.0" encoding="utf-8"?><testsuites name="pytest tests"><testsuite name="pytest" errors="0" failures="0" skipped="0" tests="21" time="5.064" timestamp="2026-01-03T02:25:13.419851+00:00" hostname="agent-env-5084ccc2-b957-457f-b411-be9e90454e89"><testcase classname="tests.test_blog_cms.TestBlogPublicEndpoints" name="test_get_blog_categories" time="0.057" /><testcase classname="tests.test_blog_cms.TestBlogPublicEndpoints" name="test_get_blog_articles_list" time="0.047" /><testcase classname="tests.test_blog_cms.TestBlogPublicEndpoints" name="test_get_blog_articles_with_pagination" time="0.038" /><testcase classname="tests.test_blog_cms.TestBlogPublicEndpoints" name="test_get_blog_articles_by_category" time="0.047" /><testcase classname="tests.test_blog_cms.TestBlogPublicEndpoints" name="test_get_featured_articles" time="0.039" /><testcase classname="tests.test_blog_cms.TestBlogPublicEndpoints" name="test_get_featured_articles_custom_limit" time="0.040" /><testcase classname="tests.test_blog_cms.TestBlogArticleDetail" name="test_get_nonexistent_article" time="0.043" /><testcase classname="tests.test_blog_cms.TestAdminBlogEndpoints" name="test_admin_login" time="0.528" /><testcase classname="tests.test_blog_cms.TestAdminBlogEndpoints" name="test_admin_get_all_articles" time="0.298" /><testcase classname="tests.test_blog_cms.TestAdminBlogEndpoints" name="test_admin_create_article" time="0.384" /><testcase classname="tests.test_blog_cms.TestAdminBlogEndpoints" name="test_admin_create_article_duplicate_slug" time="0.408" /><testcase classname="tests.test_blog_cms.TestAdminBlogEndpoints" name="test_admin_update_article" time="0.370" /><testcase classname="tests.test_blog_cms.TestAdminBlogEndpoints" name="test_admin_delete_article" time="0.412" /><testcase classname="tests.test_blog_cms.TestAdminBlogEndpoints" name="test_admin_delete_nonexistent_article" time="0.299" /><testcase classname="tests.test_blog_cms.TestAdminBlogEndpoints" name="test_admin_update_nonexistent_article" time="0.306" /><testcase classname="tests.test_blog_cms.TestAdminBlogAuth" name="test_create_article_requires_admin" time="0.037" /><testcase classname="tests.test_blog_cms.TestAdminBlogAuth" name="test_create_article_requires_admin_role" time="0.334" /><testcase classname="tests.test_blog_cms.TestAdminBlogAuth" name="test_admin_list_requires_admin" time="0.033" /><testcase classname="tests.test_blog_cms.TestBlogArticleViewCount" name="test_view_count_increments" time="0.448" /><testcase classname="tests.test_blog_cms.TestBlogArticleStructure" name="test_article_has_dual_language_fields" time="0.372" /><testcase classname="tests.test_blog_cms.TestBlogArticleStructure" name="test_article_has_metadata" time="0.454" /></testsuite></testsuites>