<?xml version="1.0" encoding="utf-8"?><testsuites name="pytest tests"><testsuite name="pytest" errors="0" failures="0" skipped="0" tests="12" time="3.127" timestamp="2026-01-07T04:44:32.986556+00:00" hostname="agent-env-14bfe915-f63a-4608-abc4-6c32754e29a1"><testcase classname="tests.test_elite_tier.TestAuthTierField" name="test_login_returns_tier_field" time="0.320" /><testcase classname="tests.test_elite_tier.TestAuthTierField" name="test_auth_me_returns_tier_field" time="0.296" /><testcase classname="tests.test_elite_tier.TestAuthTierField" name="test_admin_user_tier" time="0.298" /><testcase classname="tests.test_elite_tier.TestEliteReportEndpoints" name="test_elite_report_endpoint_exists" time="0.302" /><testcase classname="tests.test_elite_tier.TestEliteReportEndpoints" name="test_elite_report_post_endpoint_structure" time="0.297" /><testcase classname="tests.test_elite_tier.TestEliteReportEndpoints" name="test_elite_report_with_quarterly_module" time="0.295" /><testcase classname="tests.test_elite_tier.TestEliteReportEndpoints" name="test_elite_report_with_business_module" time="0.297" /><testcase classname="tests.test_elite_tier.TestEliteReportEndpoints" name="test_elite_report_with_team_module" time="0.300" /><testcase classname="tests.test_elite_tier.TestEliteReportEndpoints" name="test_elite_report_requires_auth" time="0.066" /><testcase classname="tests.test_elite_tier.TestEliteTierAccessControl" name="test_check_user_tier_via_admin" time="0.296" /><testcase classname="tests.test_elite_tier.TestEliteProducts" name="test_products_include_elite_tiers" time="0.033" /><testcase classname="tests.test_elite_tier.TestUserResponseModel" name="test_register_returns_tier" time="0.259" /></testsuite></testsuites>