<?xml version="1.0" encoding="utf-8"?><testsuites name="pytest tests"><testsuite name="pytest" errors="0" failures="0" skipped="0" tests="29" time="52.119" timestamp="2026-01-03T01:33:54.312172+00:00" hostname="agent-env-5084ccc2-b957-457f-b411-be9e90454e89"><testcase classname="tests.test_relasi4warna_phase3.TestHealthAndBasicEndpoints" name="test_api_health" time="0.096" /><testcase classname="tests.test_relasi4warna_phase3.TestHealthAndBasicEndpoints" name="test_archetypes_endpoint" time="0.040" /><testcase classname="tests.test_relasi4warna_phase3.TestHealthAndBasicEndpoints" name="test_products_endpoint" time="0.038" /><testcase classname="tests.test_relasi4warna_phase3.TestUserAuthentication" name="test_register_new_user" time="0.301" /><testcase classname="tests.test_relasi4warna_phase3.TestUserAuthentication" name="test_login_existing_user" time="0.235" /><testcase classname="tests.test_relasi4warna_phase3.TestUserAuthentication" name="test_login_invalid_credentials" time="0.273" /><testcase classname="tests.test_relasi4warna_phase3.TestUserAuthentication" name="test_get_current_user" time="0.281" /><testcase classname="tests.test_relasi4warna_phase3.TestQuizFlow" name="test_get_questions_family" time="0.299" /><testcase classname="tests.test_relasi4warna_phase3.TestQuizFlow" name="test_get_questions_couples" time="0.040" /><testcase classname="tests.test_relasi4warna_phase3.TestQuizFlow" name="test_start_quiz" time="0.039" /><testcase classname="tests.test_relasi4warna_phase3.TestQuizFlow" name="test_submit_quiz_and_get_result" time="0.122" /><testcase classname="tests.test_relasi4warna_phase3.TestQuizFlow" name="test_get_quiz_history" time="0.042" /><testcase classname="tests.test_relasi4warna_phase3.TestEmailEndpoint" name="test_send_email_requires_payment" time="0.429" /><testcase classname="tests.test_relasi4warna_phase3.TestEmailEndpoint" name="test_send_email_paid_result" time="0.233" /><testcase classname="tests.test_relasi4warna_phase3.TestEmailEndpoint" name="test_send_email_invalid_result" time="0.078" /><testcase classname="tests.test_relasi4warna_phase3.TestAIReportGeneration" name="test_ai_report_requires_payment" time="0.459" /><testcase classname="tests.test_relasi4warna_phase3.TestAIReportGeneration" name="test_ai_report_generation" time="46.962" /><testcase classname="tests.test_relasi4warna_phase3.TestAIReportGeneration" name="test_ai_report_invalid_result" time="0.070" /><testcase classname="tests.test_relasi4warna_phase3.TestCouplesComparison" name="test_create_couples_pack" time="0.301" /><testcase classname="tests.test_relasi4warna_phase3.TestCouplesComparison" name="test_get_my_packs" time="0.040" /><testcase classname="tests.test_relasi4warna_phase3.TestCouplesComparison" name="test_get_pack_details" time="0.080" /><testcase classname="tests.test_relasi4warna_phase3.TestCouplesComparison" name="test_invite_partner" time="0.116" /><testcase classname="tests.test_relasi4warna_phase3.TestCouplesComparison" name="test_get_nonexistent_pack" time="0.037" /><testcase classname="tests.test_relasi4warna_phase3.TestCouplesComparison" name="test_link_result_to_pack" time="0.202" /><testcase classname="tests.test_relasi4warna_phase3.TestPaymentFlow" name="test_create_payment" time="0.428" /><testcase classname="tests.test_relasi4warna_phase3.TestPaymentFlow" name="test_simulate_payment" time="0.279" /><testcase classname="tests.test_relasi4warna_phase3.TestShareFeatures" name="test_share_card_endpoint" time="0.462" /><testcase classname="tests.test_relasi4warna_phase3.TestShareFeatures" name="test_share_data_endpoint" time="0.034" /><testcase classname="tests.test_relasi4warna_phase3.TestShareFeatures" name="test_share_card_invalid_result" time="0.036" /></testsuite></testsuites>