<?xml version="1.0" encoding="utf-8"?><testsuites name="pytest tests"><testsuite name="pytest" errors="0" failures="0" skipped="0" tests="23" time="30.212" timestamp="2026-01-03T02:16:27.217015+00:00" hostname="agent-env-5084ccc2-b957-457f-b411-be9e90454e89"><testcase classname="tests.test_team_challenge_features.TestHealthCheck" name="test_api_health" time="0.088" /><testcase classname="tests.test_team_challenge_features.TestAuthentication" name="test_login_test_user" time="0.264" /><testcase classname="tests.test_team_challenge_features.TestAuthentication" name="test_register_second_user" time="0.337" /><testcase classname="tests.test_team_challenge_features.TestTeamPackFeatures" name="test_get_my_packs_empty_or_existing" time="0.302" /><testcase classname="tests.test_team_challenge_features.TestTeamPackFeatures" name="test_create_family_pack" time="0.341" /><testcase classname="tests.test_team_challenge_features.TestTeamPackFeatures" name="test_create_team_pack" time="0.300" /><testcase classname="tests.test_team_challenge_features.TestTeamPackFeatures" name="test_create_pack_invalid_type" time="0.302" /><testcase classname="tests.test_team_challenge_features.TestTeamPackFeatures" name="test_get_pack_detail" time="0.337" /><testcase classname="tests.test_team_challenge_features.TestTeamPackFeatures" name="test_get_pack_not_found" time="0.299" /><testcase classname="tests.test_team_challenge_features.TestTeamPackFeatures" name="test_invite_member" time="0.344" /><testcase classname="tests.test_team_challenge_features.TestTeamPackFeatures" name="test_invite_requires_auth" time="0.036" /><testcase classname="tests.test_team_challenge_features.TestTeamPackFeatures" name="test_my_packs_requires_auth" time="0.036" /><testcase classname="tests.test_team_challenge_features.TestChallengeFeatures" name="test_get_active_challenge_no_active" time="0.300" /><testcase classname="tests.test_team_challenge_features.TestChallengeFeatures" name="test_start_challenge" time="23.984" /><testcase classname="tests.test_team_challenge_features.TestChallengeFeatures" name="test_start_challenge_invalid_archetype" time="0.314" /><testcase classname="tests.test_team_challenge_features.TestChallengeFeatures" name="test_get_badges" time="0.299" /><testcase classname="tests.test_team_challenge_features.TestChallengeFeatures" name="test_get_unlocked_content" time="0.335" /><testcase classname="tests.test_team_challenge_features.TestChallengeFeatures" name="test_complete_day" time="0.345" /><testcase classname="tests.test_team_challenge_features.TestChallengeFeatures" name="test_challenge_requires_auth" time="0.151" /><testcase classname="tests.test_team_challenge_features.TestChallengeHistory" name="test_get_challenge_history" time="0.305" /><testcase classname="tests.test_team_challenge_features.TestTeamAnalysis" name="test_generate_analysis_needs_results" time="0.378" /><testcase classname="tests.test_team_challenge_features.TestLinkResult" name="test_link_result_to_pack" time="0.375" /><testcase classname="tests.test_team_challenge_features.TestJoinPack" name="test_join_via_link_not_found" time="0.351" /></testsuite></testsuites>