<?xml version="1.0" encoding="utf-8"?><testsuites name="pytest tests"><testsuite name="pytest" errors="0" failures="0" skipped="0" tests="22" time="18.722" timestamp="2026-01-03T02:00:09.735492+00:00" hostname="agent-env-5084ccc2-b957-457f-b411-be9e90454e89"><testcase classname="tests.test_phase4_features.TestHealthAndBasics" name="test_api_health" time="0.067" /><testcase classname="tests.test_phase4_features.TestHealthAndBasics" name="test_api_root" time="0.041" /><testcase classname="tests.test_phase4_features.TestAuthentication" name="test_user_login" time="0.265" /><testcase classname="tests.test_phase4_features.TestAuthentication" name="test_admin_login" time="0.261" /><testcase classname="tests.test_phase4_features.TestTipsSubscription" name="test_get_tips_subscription_status" time="0.299" /><testcase classname="tests.test_phase4_features.TestTipsSubscription" name="test_subscribe_to_tips" time="0.300" /><testcase classname="tests.test_phase4_features.TestTipsSubscription" name="test_unsubscribe_from_tips" time="0.305" /><testcase classname="tests.test_phase4_features.TestTipsSubscription" name="test_tips_subscription_requires_auth" time="0.035" /><testcase classname="tests.test_phase4_features.TestTipsGeneration" name="test_generate_tip_driver_id" time="6.381" /><testcase classname="tests.test_phase4_features.TestTipsGeneration" name="test_generate_tip_spark_en" time="7.526" /><testcase classname="tests.test_phase4_features.TestTipsGeneration" name="test_generate_tip_invalid_archetype" time="0.319" /><testcase classname="tests.test_phase4_features.TestTipsGeneration" name="test_tips_history" time="0.299" /><testcase classname="tests.test_phase4_features.TestTipsGeneration" name="test_latest_tip" time="0.296" /><testcase classname="tests.test_phase4_features.TestAdminTipsManagement" name="test_get_tips_subscribers_admin" time="0.294" /><testcase classname="tests.test_phase4_features.TestAdminTipsManagement" name="test_tips_subscribers_requires_admin" time="0.299" /><testcase classname="tests.test_phase4_features.TestAdminTipsManagement" name="test_admin_stats_includes_tips_data" time="0.300" /><testcase classname="tests.test_phase4_features.TestLegalPagesAPI" name="test_terms_page_accessible" time="0.073" /><testcase classname="tests.test_phase4_features.TestLegalPagesAPI" name="test_privacy_page_accessible" time="0.038" /><testcase classname="tests.test_phase4_features.TestAdminCMSTabs" name="test_admin_questions_endpoint" time="0.301" /><testcase classname="tests.test_phase4_features.TestAdminCMSTabs" name="test_admin_users_endpoint" time="0.300" /><testcase classname="tests.test_phase4_features.TestAdminCMSTabs" name="test_admin_results_endpoint" time="0.307" /><testcase classname="tests.test_phase4_features.TestAdminCMSTabs" name="test_admin_coupons_endpoint" time="0.352" /></testsuite></testsuites>