<?xml version="1.0" encoding="utf-8"?><testsuites name="pytest tests"><testsuite name="pytest" errors="0" failures="0" skipped="0" tests="21" time="5.485" timestamp="2026-01-03T16:26:43.143010+00:00" hostname="agent-env-1925829f-5cfd-40a2-bff9-e938620c436c"><testcase classname="tests.test_hitl_moderation.TestHITLAuthentication" name="test_hitl_stats_requires_auth" time="0.097" /><testcase classname="tests.test_hitl_moderation.TestHITLAuthentication" name="test_hitl_queue_requires_auth" time="0.042" /><testcase classname="tests.test_hitl_moderation.TestHITLAuthentication" name="test_hitl_keywords_requires_auth" time="0.043" /><testcase classname="tests.test_hitl_moderation.TestHITLAuthentication" name="test_non_admin_cannot_access_hitl" time="0.273" /><testcase classname="tests.test_hitl_moderation.TestHITLStats" name="test_hitl_stats_returns_200" time="0.315" /><testcase classname="tests.test_hitl_moderation.TestHITLStats" name="test_hitl_stats_structure" time="0.275" /><testcase classname="tests.test_hitl_moderation.TestHITLQueue" name="test_hitl_queue_returns_200" time="0.276" /><testcase classname="tests.test_hitl_moderation.TestHITLQueue" name="test_hitl_queue_structure" time="0.276" /><testcase classname="tests.test_hitl_moderation.TestHITLQueue" name="test_hitl_queue_filter_by_status_pending" time="0.273" /><testcase classname="tests.test_hitl_moderation.TestHITLQueue" name="test_hitl_queue_filter_by_status_approved" time="0.315" /><testcase classname="tests.test_hitl_moderation.TestHITLQueue" name="test_hitl_queue_filter_by_risk_level_3" time="0.311" /><testcase classname="tests.test_hitl_moderation.TestHITLQueue" name="test_hitl_queue_filter_by_risk_level_2" time="0.271" /><testcase classname="tests.test_hitl_moderation.TestHITLQueue" name="test_hitl_queue_combined_filters" time="0.271" /><testcase classname="tests.test_hitl_moderation.TestHITLQueue" name="test_hitl_queue_pagination" time="0.271" /><testcase classname="tests.test_hitl_moderation.TestHITLKeywords" name="test_hitl_keywords_returns_200" time="0.271" /><testcase classname="tests.test_hitl_moderation.TestHITLKeywords" name="test_hitl_keywords_structure" time="0.271" /><testcase classname="tests.test_hitl_moderation.TestHITLKeywords" name="test_hitl_keywords_categories" time="0.268" /><testcase classname="tests.test_hitl_moderation.TestHITLQueueItemDetail" name="test_hitl_queue_item_not_found" time="0.276" /><testcase classname="tests.test_hitl_moderation.TestHITLQueueItemDetail" name="test_hitl_queue_item_detail_if_exists" time="0.314" /><testcase classname="tests.test_hitl_moderation.TestHITLModerationDecision" name="test_decision_on_nonexistent_item" time="0.280" /><testcase classname="tests.test_hitl_moderation.TestHITLModerationDecision" name="test_decision_invalid_action" time="0.300" /></testsuite></testsuites>