<?xml version="1.0" encoding="utf-8"?><testsuites name="pytest tests"><testsuite name="pytest" errors="0" failures="0" skipped="0" tests="8" time="3.131" timestamp="2026-01-07T05:18:16.178543+00:00" hostname="agent-env-14bfe915-f63a-4608-abc4-6c32754e29a1"><testcase classname="tests.test_hitl_analytics.TestHITLAnalytics" name="test_hitl_overview_endpoint" time="0.406" /><testcase classname="tests.test_hitl_analytics.TestHITLAnalytics" name="test_hitl_timeline_endpoint" time="0.536" /><testcase classname="tests.test_hitl_analytics.TestHITLAnalytics" name="test_hitl_moderator_performance_endpoint" time="0.462" /><testcase classname="tests.test_hitl_analytics.TestHITLAnalytics" name="test_hitl_export_json_endpoint" time="0.300" /><testcase classname="tests.test_hitl_analytics.TestHITLAnalytics" name="test_hitl_export_csv_endpoint" time="0.304" /><testcase classname="tests.test_hitl_analytics.TestHITLAnalytics" name="test_hitl_overview_different_days" time="0.381" /><testcase classname="tests.test_hitl_analytics.TestHITLAnalytics" name="test_hitl_requires_admin_auth" time="0.633" /><testcase classname="tests.test_hitl_analytics.TestHealthCheck" name="test_health_endpoint" time="0.033" /></testsuite></testsuites>