<?xml version="1.0" encoding="utf-8"?><testsuites name="pytest tests"><testsuite name="pytest" errors="0" failures="0" skipped="0" tests="25" time="3.312" timestamp="2026-01-07T00:58:53.141619+00:00" hostname="agent-env-1925829f-5cfd-40a2-bff9-e938620c436c"><testcase classname="tests.test_iteration10_features.TestDeepDiveAPI" name="test_deep_dive_questions_returns_16_questions" time="0.063" /><testcase classname="tests.test_iteration10_features.TestDeepDiveAPI" name="test_deep_dive_questions_english" time="0.036" /><testcase classname="tests.test_iteration10_features.TestDeepDiveAPI" name="test_type_interactions_driver" time="0.036" /><testcase classname="tests.test_iteration10_features.TestDeepDiveAPI" name="test_type_interactions_spark" time="0.038" /><testcase classname="tests.test_iteration10_features.TestDeepDiveAPI" name="test_type_interactions_anchor" time="0.035" /><testcase classname="tests.test_iteration10_features.TestDeepDiveAPI" name="test_type_interactions_analyst" time="0.033" /><testcase classname="tests.test_iteration10_features.TestDeepDiveAPI" name="test_type_interactions_invalid_archetype" time="0.036" /><testcase classname="tests.test_iteration10_features.TestHITLAnalyticsAPI" name="test_hitl_overview_returns_data" time="0.291" /><testcase classname="tests.test_iteration10_features.TestHITLAnalyticsAPI" name="test_hitl_overview_different_days" time="0.417" /><testcase classname="tests.test_iteration10_features.TestHITLAnalyticsAPI" name="test_hitl_overview_requires_admin" time="0.608" /><testcase classname="tests.test_iteration10_features.TestHITLAnalyticsAPI" name="test_hitl_timeline_returns_data" time="0.291" /><testcase classname="tests.test_iteration10_features.TestHITLAnalyticsAPI" name="test_hitl_moderator_performance" time="0.297" /><testcase classname="tests.test_iteration10_features.TestHITLAnalyticsAPI" name="test_hitl_export_json" time="0.292" /><testcase classname="tests.test_iteration10_features.TestHITLAnalyticsAPI" name="test_hitl_export_csv" time="0.370" /><testcase classname="tests.test_iteration10_features.TestSEOFiles" name="test_sitemap_xml_exists" time="0.042" /><testcase classname="tests.test_iteration10_features.TestSEOFiles" name="test_robots_txt_exists" time="0.035" /><testcase classname="tests.test_iteration10_features.TestSEOMetaTags" name="test_index_html_has_meta_description" time="0.040" /><testcase classname="tests.test_iteration10_features.TestSEOMetaTags" name="test_index_html_has_meta_keywords" time="0.040" /><testcase classname="tests.test_iteration10_features.TestSEOMetaTags" name="test_index_html_has_og_title" time="0.034" /><testcase classname="tests.test_iteration10_features.TestSEOMetaTags" name="test_index_html_has_og_description" time="0.034" /><testcase classname="tests.test_iteration10_features.TestSEOMetaTags" name="test_index_html_has_canonical" time="0.036" /><testcase classname="tests.test_iteration10_features.TestWatermarkRemoval" name="test_no_made_with_emergent_badge" time="0.036" /><testcase classname="tests.test_iteration10_features.TestWatermarkRemoval" name="test_watermark_comment_exists" time="0.000" /><testcase classname="tests.test_iteration10_features.TestHealthAndBasicEndpoints" name="test_health_endpoint" time="0.045" /><testcase classname="tests.test_iteration10_features.TestHealthAndBasicEndpoints" name="test_root_endpoint" time="0.039" /></testsuite></testsuites>