<?xml version="1.0" encoding="utf-8"?><testsuites name="pytest tests"><testsuite name="pytest" errors="0" failures="0" skipped="0" tests="29" time="9.600" timestamp="2026-01-07T01:51:39.592190+00:00" hostname="agent-env-5ec3d198-1126-460a-ac8b-c5b9c8645f56"><testcase classname="tests.test_iteration11_features.TestAdminAuthentication" name="test_admin_login_success" time="0.305" /><testcase classname="tests.test_iteration11_features.TestAdminAuthentication" name="test_regular_user_not_admin" time="0.293" /><testcase classname="tests.test_iteration11_features.TestAdminDashboardOverview" name="test_dashboard_overview_returns_stats" time="0.298" /><testcase classname="tests.test_iteration11_features.TestAdminQuestionsManagement" name="test_get_questions_list" time="0.348" /><testcase classname="tests.test_iteration11_features.TestAdminQuestionsManagement" name="test_create_question" time="0.291" /><testcase classname="tests.test_iteration11_features.TestAdminQuestionsManagement" name="test_toggle_question_status" time="0.371" /><testcase classname="tests.test_iteration11_features.TestAdminQuestionsManagement" name="test_delete_question" time="0.325" /><testcase classname="tests.test_iteration11_features.TestAdminQuestionsManagement" name="test_get_questions_stats" time="0.337" /><testcase classname="tests.test_iteration11_features.TestAdminPricingManagement" name="test_get_pricing_list" time="0.292" /><testcase classname="tests.test_iteration11_features.TestAdminPricingManagement" name="test_create_pricing_tier" time="0.338" /><testcase classname="tests.test_iteration11_features.TestAdminPricingManagement" name="test_update_pricing_tier" time="0.367" /><testcase classname="tests.test_iteration11_features.TestAdminCouponsManagement" name="test_get_coupons_list" time="0.291" /><testcase classname="tests.test_iteration11_features.TestAdminCouponsManagement" name="test_create_simple_coupon" time="0.328" /><testcase classname="tests.test_iteration11_features.TestAdminCouponsManagement" name="test_create_advanced_coupon_with_discount_type" time="0.380" /><testcase classname="tests.test_iteration11_features.TestAdminCouponsManagement" name="test_create_fixed_idr_coupon" time="0.363" /><testcase classname="tests.test_iteration11_features.TestAdminCouponsManagement" name="test_toggle_coupon_status" time="0.394" /><testcase classname="tests.test_iteration11_features.TestAdminCouponsManagement" name="test_get_coupon_usage_stats" time="0.335" /><testcase classname="tests.test_iteration11_features.TestHITLAnalyticsDashboard" name="test_hitl_overview_endpoint" time="0.292" /><testcase classname="tests.test_iteration11_features.TestHITLAnalyticsDashboard" name="test_hitl_overview_different_day_ranges" time="0.421" /><testcase classname="tests.test_iteration11_features.TestHITLAnalyticsDashboard" name="test_hitl_timeline_endpoint" time="0.333" /><testcase classname="tests.test_iteration11_features.TestHITLAnalyticsDashboard" name="test_hitl_moderator_performance" time="0.289" /><testcase classname="tests.test_iteration11_features.TestHITLAnalyticsDashboard" name="test_hitl_export_json" time="0.335" /><testcase classname="tests.test_iteration11_features.TestHITLAnalyticsDashboard" name="test_hitl_export_csv" time="0.300" /><testcase classname="tests.test_iteration11_features.TestHITLAnalyticsDashboard" name="test_hitl_requires_admin_auth" time="0.330" /><testcase classname="tests.test_iteration11_features.TestDeepDiveQuestions" name="test_deep_dive_questions_returns_16_indonesian" time="0.294" /><testcase classname="tests.test_iteration11_features.TestDeepDiveQuestions" name="test_deep_dive_questions_returns_16_english" time="0.298" /><testcase classname="tests.test_iteration11_features.TestDeepDiveQuestions" name="test_deep_dive_questions_have_4_options" time="0.294" /><testcase classname="tests.test_iteration11_features.TestDeepDiveTypeInteractions" name="test_type_interactions_for_all_archetypes" time="0.387" /><testcase classname="tests.test_iteration11_features.TestDeepDiveTypeInteractions" name="test_type_interactions_invalid_archetype" time="0.302" /></testsuite></testsuites>